2026-03-15 10:00:01 INFO  Server started on port 3000
2026-03-15 10:00:03 INFO  Database connection established
2026-03-15 10:00:05 INFO  User login attempt: user_id=102
2026-03-15 10:00:05 INFO  User authenticated: user_id=102
2026-03-15 10:00:07 INFO  GET /api/projects 200
2026-03-15 10:00:08 INFO  GET /api/projects/21 200
2026-03-15 10:00:10 WARN  Slow query detected (245ms)
2026-03-15 10:00:12 INFO  POST /api/projects 201
2026-03-15 10:00:13 INFO  Project created: id=45
2026-03-15 10:00:15 INFO  GET /api/projects 200
2026-03-15 10:00:17 INFO  PUT /api/projects/45 200
2026-03-15 10:00:18 INFO  Project updated: id=45
2026-03-15 10:00:20 INFO  GET /api/users 200
2026-03-15 10:00:22 INFO  GET /api/users/12 200
2026-03-15 10:00:24 WARN  Cache miss for key=user:12
2026-03-15 10:00:25 INFO  Cache populated for key=user:12
2026-03-15 10:00:27 INFO  POST /api/auth/logout 200
2026-03-15 10:00:28 INFO  User logged out: user_id=102
2026-03-15 10:00:30 INFO  User login attempt: user_id=87
2026-03-15 10:00:31 ERROR Invalid password for user_id=87
2026-03-15 10:00:33 INFO  User login attempt: user_id=87
2026-03-15 10:00:34 INFO  User authenticated: user_id=87
2026-03-15 10:00:36 INFO  GET /api/dashboard 200
2026-03-15 10:00:38 INFO  GET /api/projects 200
2026-03-15 10:00:39 INFO  GET /api/projects/45 200
2026-03-15 10:00:41 INFO  DELETE /api/projects/21 200
2026-03-15 10:00:42 INFO  Project deleted: id=21
2026-03-15 10:00:44 INFO  GET /api/projects 200
2026-03-15 10:00:46 WARN  High memory usage detected (78%)
2026-03-15 10:00:48 INFO  GET /api/notifications 200
2026-03-15 10:00:49 INFO  Notification sent: user_id=87
2026-03-15 10:00:51 INFO  GET /api/settings 200
2026-03-15 10:00:53 INFO  PUT /api/settings 200
2026-03-15 10:00:54 INFO  Settings updated: user_id=87
2026-03-15 10:00:56 INFO  GET /api/projects 200
2026-03-15 10:00:58 INFO  GET /api/projects/45 200
2026-03-15 10:01:00 INFO  POST /api/comments 201
2026-03-15 10:01:01 INFO  Comment created: id=301
2026-03-15 10:01:03 INFO  GET /api/comments?project=45 200
2026-03-15 10:01:05 WARN  API rate limit approaching
2026-03-15 10:01:07 INFO  GET /api/projects 200
2026-03-15 10:01:08 INFO  GET /api/users 200
2026-03-15 10:01:10 ERROR Database timeout on query projects
2026-03-15 10:01:12 INFO  Retrying database query
2026-03-15 10:01:13 INFO  Query successful after retry
2026-03-15 10:01:15 INFO  GET /api/projects 200
2026-03-15 10:01:17 INFO  System health check OK
2026-03-15 10:01:18 INFO  Background job started: cleanup
2026-03-15 10:01:20 INFO  Cleanup removed 12 temporary files
2026-03-15 10:01:22 INFO  Background job finished: cleanup
2026-03-15 10:01:24 INFO  Server running normally